{
  "stats": {
    "suites": 2,
    "tests": 2,
    "passes": 2,
    "pending": 0,
    "failures": 0,
    "start": "2023-10-24T16:25:00.686Z",
    "end": "2023-10-24T16:25:30.405Z",
    "duration": 29719,
    "testsRegistered": 2,
    "passPercent": 100,
    "pendingPercent": 0,
    "other": 0,
    "hasOther": false,
    "skipped": 0,
    "hasSkipped": false
  },
  "results": [
    {
      "uuid": "11c7bbe0-8370-4243-8d63-e26bcea97cce",
      "title": "",
      "fullFile": "cypress\\e2e\\login_CRUD_funcionario.cy.js",
      "file": "cypress\\e2e\\login_CRUD_funcionario.cy.js",
      "beforeHooks": [],
      "afterHooks": [],
      "tests": [],
      "suites": [
        {
          "uuid": "27b23298-986b-4832-94d7-c6b66133f16d",
          "title": "Criação de cadastro - novo funcionário",
          "fullFile": "",
          "file": "",
          "beforeHooks": [],
          "afterHooks": [],
          "tests": [
            {
              "title": "Acessar o menu “PIM” e realizar o cadastro simples com foto, validando na tela seguinte se os dados foram cadastrados com sucesso.",
              "fullTitle": "Criação de cadastro - novo funcionário Acessar o menu “PIM” e realizar o cadastro simples com foto, validando na tela seguinte se os dados foram cadastrados com sucesso.",
              "timedOut": null,
              "duration": 21412,
              "state": "passed",
              "speed": "slow",
              "pass": true,
              "fail": false,
              "pending": false,
              "context": "\"videos/login_CRUD_funcionario.cy.js.mp4\"",
              "code": "//Clicando no botão PIM\ncy.get('span').contains('PIM').should('be.visible').click();\n//Clicando no botão Adicionar\ncy.get('button').contains('Add').should('be.visible').click();\n//Upload da imagem do perfil de cadastro\ncy.get('input[type=\"file\"]').selectFile('cypress/fixtures/itachi.png', {\n  force: true\n});\n//Preenchendo dados\ncy.cadastrarFuncionario(_funcionario.funcionario.firstName, _funcionario.funcionario.middleName, _funcionario.funcionario.lastName);\n//Clicando no botão para salvar os dados preenchidos\ncy.get('button').contains('Save').should('be.visible').click();\n//Verificando se o Employee Id já existe\ncy.get(\".oxd-input-field-error-message\").if(\"contain\", \"Employee Id already exists\").get(\".oxd-input.oxd-input--active.oxd-input--error\").clear().type(Math.floor(Math.random() * 10000)).then(() => {\n  cy.get(\"button[type='submit']\").click();\n});\n//Validando mensagem dos dados que foram cadastrados com sucesso\ncy.get('div.oxd-toast-content--success').as('sucessoCadastro').should('exist');\n//Verificando se a página está de acordo com o esperado após ação do cadastro no página.\ncy.url().should(\"include\", \"pim/viewPersonalDetails/empNumber/\");",
              "err": {},
              "uuid": "f4b05c44-f860-4f62-a554-9e00bbc07d66",
              "parentUUID": "27b23298-986b-4832-94d7-c6b66133f16d",
              "isHook": false,
              "skipped": false
            }
          ],
          "suites": [],
          "passes": [
            "f4b05c44-f860-4f62-a554-9e00bbc07d66"
          ],
          "failures": [],
          "pending": [],
          "skipped": [],
          "duration": 21412,
          "root": false,
          "rootEmpty": false,
          "_timeout": 2000
        },
        {
          "uuid": "13dd3e7e-4c37-4ef4-8f10-fc03acb7ecc8",
          "title": "Visualização de detalhes do cadastro de Funcionário",
          "fullFile": "",
          "file": "",
          "beforeHooks": [],
          "afterHooks": [],
          "tests": [
            {
              "title": "Pesquisar pelo nome que foi criado e visualizar o detalhamento do cadastro, validando se os dados estão corretos.",
              "fullTitle": "Visualização de detalhes do cadastro de Funcionário Pesquisar pelo nome que foi criado e visualizar o detalhamento do cadastro, validando se os dados estão corretos.",
              "timedOut": null,
              "duration": 7989,
              "state": "passed",
              "speed": "medium",
              "pass": true,
              "fail": false,
              "pending": false,
              "context": "\"videos/login_CRUD_funcionario.cy.js.mp4\"",
              "code": "//Entrando no Menu PIM \ncy.get('span').contains('PIM').should('be.visible').click();\n//Consultando o funcionário no campo de busca\ncy.get('input[placeholder=\"Type for hints...\"]').eq(0).should('be.visible').type(nameAndmiddleName);\ncy.get('button[type=\"submit\"]').contains('Search').click();\n//Selecionando o funcionário encontrado e visualizando o detalhamento do cadastro\ncy.get('div[class=\"oxd-table-cell oxd-padding-cell\"]').eq(0).click();\ncy.get('div.oxd-table-body').as('resultadoDaPesquisa').children().should('have.length', 1);\ncy.get('@resultadoDaPesquisa').find('button').last().click();\ncy.url().should(\"include\", \"pim/viewPersonalDetails/empNumber/\");\n//Validando se os dados de cadastro estão corretos\ncy.get('input[placeholder=\"First Name\"]').should('have.value', _funcionario.funcionario.firstName);\ncy.get('input[placeholder=\"Middle Name\"]').should('have.value', _funcionario.funcionario.middleName);\ncy.get('input[placeholder=\"Last Name\"]').should('have.value', _funcionario.funcionario.lastName);",
              "err": {},
              "uuid": "4d5a8858-33ab-4d9a-a82e-972759d507d0",
              "parentUUID": "13dd3e7e-4c37-4ef4-8f10-fc03acb7ecc8",
              "isHook": false,
              "skipped": false
            }
          ],
          "suites": [],
          "passes": [
            "4d5a8858-33ab-4d9a-a82e-972759d507d0"
          ],
          "failures": [],
          "pending": [],
          "skipped": [],
          "duration": 7989,
          "root": false,
          "rootEmpty": false,
          "_timeout": 2000
        }
      ],
      "passes": [],
      "failures": [],
      "pending": [],
      "skipped": [],
      "duration": 0,
      "root": true,
      "rootEmpty": true,
      "_timeout": 2000
    }
  ],
  "meta": {
    "mocha": {
      "version": "7.0.1"
    },
    "mochawesome": {
      "options": {
        "quiet": true,
        "reportFilename": "mochawesome",
        "saveHtml": false,
        "saveJson": true,
        "consoleReporter": "spec",
        "useInlineDiffs": false,
        "code": true
      },
      "version": "7.1.3"
    },
    "marge": {
      "options": {
        "id": "default",
        "reportDir": "cypress/results/json",
        "quiet": true,
        "overwrite": true,
        "html": false,
        "json": true
      },
      "version": "6.2.0"
    }
  }
}