{
  "stats": {
    "suites": 2,
    "tests": 2,
    "passes": 2,
    "pending": 0,
    "failures": 0,
    "start": "2023-10-23T22:28:22.732Z",
    "end": "2023-10-23T22:28:59.129Z",
    "duration": 36397,
    "testsRegistered": 2,
    "passPercent": 100,
    "pendingPercent": 0,
    "other": 0,
    "hasOther": false,
    "skipped": 0,
    "hasSkipped": false
  },
  "results": [
    {
      "uuid": "407c46b3-6c57-49cd-ab1c-54f00ce2cbff",
      "title": "",
      "fullFile": "cypress\\e2e\\login_CRUD_funcionario.cy.js",
      "file": "cypress\\e2e\\login_CRUD_funcionario.cy.js",
      "beforeHooks": [],
      "afterHooks": [],
      "tests": [],
      "suites": [
        {
          "uuid": "b8ccd356-b8f3-4350-b05e-437e3c388d70",
          "title": "Criação de cadastro - novo funcionário",
          "fullFile": "",
          "file": "",
          "beforeHooks": [],
          "afterHooks": [],
          "tests": [
            {
              "title": "Acessar o menu “PIM” e realizar o cadastro simples com foto, validando na tela seguinte se os dados foram cadastrados com sucesso.",
              "fullTitle": "Criação de cadastro - novo funcionário Acessar o menu “PIM” e realizar o cadastro simples com foto, validando na tela seguinte se os dados foram cadastrados com sucesso.",
              "timedOut": null,
              "duration": 25052,
              "state": "passed",
              "speed": "slow",
              "pass": true,
              "fail": false,
              "pending": false,
              "context": "\"videos/login_CRUD_funcionario.cy.js.mp4\"",
              "code": "cy.clickBotoes('PIM', 'Add');\ncy.adicionarCadastro(firstName, middleName, lastName);",
              "err": {},
              "uuid": "7ff526f8-924c-453e-a65b-a42c9ea0439b",
              "parentUUID": "b8ccd356-b8f3-4350-b05e-437e3c388d70",
              "isHook": false,
              "skipped": false
            }
          ],
          "suites": [],
          "passes": [
            "7ff526f8-924c-453e-a65b-a42c9ea0439b"
          ],
          "failures": [],
          "pending": [],
          "skipped": [],
          "duration": 25052,
          "root": false,
          "rootEmpty": false,
          "_timeout": 2000
        },
        {
          "uuid": "e1351255-5315-443f-863b-c7b227374174",
          "title": "Visualização de detalhes do cadastro de Funcionário",
          "fullFile": "",
          "file": "",
          "beforeHooks": [],
          "afterHooks": [],
          "tests": [
            {
              "title": "Pesquisar pelo nome que foi criado e visualizar o detalhamento do cadastro, validando se os dados estão corretos.",
              "fullTitle": "Visualização de detalhes do cadastro de Funcionário Pesquisar pelo nome que foi criado e visualizar o detalhamento do cadastro, validando se os dados estão corretos.",
              "timedOut": null,
              "duration": 11126,
              "state": "passed",
              "speed": "slow",
              "pass": true,
              "fail": false,
              "pending": false,
              "context": "\"videos/login_CRUD_funcionario.cy.js.mp4\"",
              "code": "cy.consultarFuncionario(firstName);",
              "err": {},
              "uuid": "bdc3f768-85d8-4e1b-a69a-bddc71d28d21",
              "parentUUID": "e1351255-5315-443f-863b-c7b227374174",
              "isHook": false,
              "skipped": false
            }
          ],
          "suites": [],
          "passes": [
            "bdc3f768-85d8-4e1b-a69a-bddc71d28d21"
          ],
          "failures": [],
          "pending": [],
          "skipped": [],
          "duration": 11126,
          "root": false,
          "rootEmpty": false,
          "_timeout": 2000
        }
      ],
      "passes": [],
      "failures": [],
      "pending": [],
      "skipped": [],
      "duration": 0,
      "root": true,
      "rootEmpty": true,
      "_timeout": 2000
    }
  ],
  "meta": {
    "mocha": {
      "version": "7.0.1"
    },
    "mochawesome": {
      "options": {
        "quiet": true,
        "reportFilename": "mochawesome",
        "saveHtml": false,
        "saveJson": true,
        "consoleReporter": "spec",
        "useInlineDiffs": false,
        "code": true
      },
      "version": "7.1.3"
    },
    "marge": {
      "options": {
        "id": "default",
        "reportDir": "cypress/results/json",
        "quiet": true,
        "overwrite": true,
        "html": false,
        "json": true
      },
      "version": "6.2.0"
    }
  }
}